<?xml version="1.0" encoding="utf-8" standalone="no"?>
<!--This file represents the results of running a test suite-->
<test-results name="C:\Users\mjohnson\Documents\Visual Studio 2010\Projects\TF2Pug\TF2Pug.nunit" total="6" errors="0" failures="0" not-run="0" inconclusive="0" ignored="0" skipped="0" invalid="0" date="2011-06-30" time="15:14:01">
  <environment nunit-version="2.5.10.11092" clr-version="2.0.50727.5444" os-version="Microsoft Windows NT 6.1.7601 Service Pack 1" platform="Win32NT" cwd="C:\Program Files (x86)\NUnit 2.5.10\bin\net-2.0" machine-name="HYPERION" user="mjohnson" user-domain="HYPERION" />
  <culture-info current-culture="en-US" current-uiculture="en-US" />
  <test-suite type="Project" name="C:\Users\mjohnson\Documents\Visual Studio 2010\Projects\TF2Pug\TF2Pug.nunit" executed="True" result="Success" success="True" time="0.126" asserts="0">
    <results>
      <test-suite type="Assembly" name="C:\Users\mjohnson\Documents\Visual Studio 2010\Projects\TF2Pug\TF2PugTests\bin\Debug\TF2PugTests.dll" executed="True" result="Success" success="True" time="0.114" asserts="0">
        <results>
          <test-suite type="Namespace" name="TF2PugTests" executed="True" result="Success" success="True" time="0.114" asserts="0">
            <results>
              <test-suite type="TestFixture" name="PugTests" executed="True" result="Success" success="True" time="0.111" asserts="0">
                <results>
                  <test-case name="TF2PugTests.PugTests.AddPlayerTest" executed="True" result="Success" success="True" time="0.041" asserts="1" />
                  <test-case name="TF2PugTests.PugTests.AddTooManyPlayersTest" executed="True" result="Success" success="True" time="0.007" asserts="1" />
                  <test-case name="TF2PugTests.PugTests.PugStartWithNotEnoughPlayersTest" executed="True" result="Success" success="True" time="0.025" asserts="0" />
                  <test-case name="TF2PugTests.PugTests.ReAddPlayerTest" executed="True" result="Success" success="True" time="0.002" asserts="1" />
                  <test-case name="TF2PugTests.PugTests.RemovePlayerTest" executed="True" result="Success" success="True" time="0.001" asserts="1" />
                  <test-case name="TF2PugTests.PugTests.StartTest" executed="True" result="Success" success="True" time="0.007" asserts="2" />
                </results>
              </test-suite>
            </results>
          </test-suite>
        </results>
      </test-suite>
    </results>
  </test-suite>
</test-results>